<?xml version="1.0" encoding="UTF-8"?>
<!-- Generated by org.testng.reporters.JUnitReportReporter -->
<testsuite hostname="LIN59015782" failures="0" tests="1" name="ChromeTest" time="0.096" errors="0" timestamp="2022-07-27T14:53:48 IST" skipped="0">
  <testcase classname="ChromeTest" name="testOne" time="0.096"/>
  <system-out/>
</testsuite> <!-- ChromeTest -->
